<?xml version="1.0" encoding="UTF-8"?>
<!-- Generated by org.testng.reporters.JUnitReportReporter -->
<testsuite hostname="HCLLAPTOP-PC" name="com.test.ParallelTestA" tests="1" failures="0" timestamp="24 Sep 2016 16:43:29 GMT" time="27.357" errors="0">
  <testcase name="testGooglePageTitleInFirefox" time="27.357" classname="com.test.ParallelTestA"/>
</testsuite> <!-- com.test.ParallelTestA -->
