<?xml version="1.0" encoding="UTF-8"?>
<!-- Generated by org.testng.reporters.JUnitReportReporter -->
<testsuite hostname="HCLLAPTOP-PC" name="SeleniumGRID" tests="1" failures="0" timestamp="24 Sep 2016 16:22:46 GMT" time="12.584" errors="0">
  <testcase name="simpleTest" time="12.584" classname="SeleniumGRID"/>
</testsuite> <!-- SeleniumGRID -->
